e:\影像處理\eo4\hw1\hw1\hw1\debug\vc140.pdb
e:\影像處理\eo4\hw1\hw1\hw1\debug\.netframework,version=v4.5.2.assemblyattributes.obj
e:\影像處理\eo4\hw1\hw1\hw1\debug\.netframework,version=v4.5.2.assemblyattributes.asm
e:\影像處理\eo4\hw1\hw1\hw1\debug\myform.obj
e:\影像處理\eo4\hw1\hw1\hw1\debug\hw1.myform.resources
e:\影像處理\eo4\hw1\hw1\debug\hw1.exe
e:\影像處理\eo4\hw1\hw1\debug\hw1.pdb
d:\影像處理\20211026\hw1\hw1\hw1\debug\hw1.vcxproj.generateresource.cache
d:\影像處理\20211026\hw1\hw1\hw1\debug\hw1.vcxprojassemblyreference.cache
d:\影像處理\20211026\hw1\hw1\hw1\debug\hw1.vcxprojresolveassemblyreference.cache
d:\影像處理\20211026\hw1\hw1\hw1\debug\.netframework,version=v4.5.2.assemblyattributes.obj
d:\影像處理\20211026\hw1\hw1\hw1\debug\myform.obj
d:\影像處理\20211026\hw1\hw1\hw1\debug\hw1.myform.resources
d:\影像處理\20211026\hw1\hw1\hw1\debug\vc140.pdb
d:\影像處理\20211026\hw1\hw1\debug\hw1.pdb
d:\影像處理\20211026\hw1\hw1\debug\hw1.exe
d:\影像處理\20211026\hw1\hw1\hw1\debug\hw1.tlog\cl.command.1.tlog
d:\影像處理\20211026\hw1\hw1\hw1\debug\hw1.tlog\cl.read.1.tlog
d:\影像處理\20211026\hw1\hw1\hw1\debug\hw1.tlog\cl.write.1.tlog
d:\影像處理\20211026\hw1\hw1\hw1\debug\hw1.tlog\hw1.write.1u.tlog
d:\影像處理\20211026\hw1\hw1\hw1\debug\hw1.tlog\link.command.1.tlog
d:\影像處理\20211026\hw1\hw1\hw1\debug\hw1.tlog\link.read.1.tlog
d:\影像處理\20211026\hw1\hw1\hw1\debug\hw1.tlog\link.write.1.tlog
d:\影像處理\20211026\hw1\hw1\hw1\debug\hw1.tlog\metagen.read.1.tlog
d:\影像處理\20211026\hw1\hw1\hw1\debug\hw1.tlog\metagen.write.1.tlog
d:\影像處理\20211026\hw1\hw1\hw1\debug\hw1.tlog\tzres.dll.bi
