C:\Program Files (x86)\Microsoft Visual Studio\2019\Community\MSBuild\Microsoft\VC\v160\Microsoft.CppBuild.targets(491,5): warning MSB8028: 中繼目錄 (Debug\) 包含從其他專案 (hw1.vcxproj) 共用的檔案。這可能導致錯誤的清除和重建行為。
  MyForm.cpp
H:\影像處理\20211109\HW2\hw2\hw1\MyForm.h(599,18): warning C4244: '正在初始化': 將 'float' 轉換為 'int'，由於類型不同，可能導致資料遺失
H:\影像處理\20211109\HW2\hw2\hw1\MyForm.h(664,23): warning C4244: '=': 將 'float' 轉換為 'int'，由於類型不同，可能導致資料遺失
H:\影像處理\20211109\HW2\hw2\hw1\MyForm.h(665,21): warning C4244: '=': 將 'float' 轉換為 'int'，由於類型不同，可能導致資料遺失
H:\影像處理\20211109\HW2\hw2\hw1\MyForm.h(687,15): warning C4244: '=': 將 'float' 轉換為 'int'，由於類型不同，可能導致資料遺失
H:\影像處理\20211109\HW2\hw2\hw1\MyForm.h(688,15): warning C4244: '=': 將 'float' 轉換為 'int'，由於類型不同，可能導致資料遺失
H:\影像處理\20211109\HW2\hw2\hw1\MyForm.h(689,13): warning C4244: '=': 將 'double' 轉換為 'float'，由於類型不同，可能導致資料遺失
H:\影像處理\20211109\HW2\hw2\hw1\MyForm.h(708,15): warning C4244: '=': 將 'float' 轉換為 'int'，由於類型不同，可能導致資料遺失
H:\影像處理\20211109\HW2\hw2\hw1\MyForm.h(709,15): warning C4244: '=': 將 'float' 轉換為 'int'，由於類型不同，可能導致資料遺失
H:\影像處理\20211109\HW2\hw2\hw1\MyForm.h(710,13): warning C4244: '=': 將 'double' 轉換為 'float'，由於類型不同，可能導致資料遺失
H:\影像處理\20211109\HW2\hw2\hw1\MyForm.h(749,23): warning C4244: '=': 將 'float' 轉換為 'int'，由於類型不同，可能導致資料遺失
H:\影像處理\20211109\HW2\hw2\hw1\MyForm.h(750,21): warning C4244: '=': 將 'float' 轉換為 'int'，由於類型不同，可能導致資料遺失
H:\影像處理\20211109\HW2\hw2\hw1\MyForm.h(773,10): warning C4244: '=': 將 'float' 轉換為 'int'，由於類型不同，可能導致資料遺失
H:\影像處理\20211109\HW2\hw2\hw1\MyForm.h(774,10): warning C4244: '=': 將 'float' 轉換為 'int'，由於類型不同，可能導致資料遺失
H:\影像處理\20211109\HW2\hw2\hw1\MyForm.h(905,23): warning C4244: '=': 將 'float' 轉換為 'int'，由於類型不同，可能導致資料遺失
H:\影像處理\20211109\HW2\hw2\hw1\MyForm.h(906,21): warning C4244: '=': 將 'float' 轉換為 'int'，由於類型不同，可能導致資料遺失
H:\影像處理\20211109\HW2\hw2\hw1\MyForm.h(960,16): warning C4244: '正在初始化': 將 'float' 轉換為 'int'，由於類型不同，可能導致資料遺失
H:\影像處理\20211109\HW2\hw2\hw1\MyForm.h(977,23): warning C4244: '=': 將 'float' 轉換為 'int'，由於類型不同，可能導致資料遺失
H:\影像處理\20211109\HW2\hw2\hw1\MyForm.h(978,21): warning C4244: '=': 將 'float' 轉換為 'int'，由於類型不同，可能導致資料遺失
  MyForm.obj : 發現 MSIL 模組。MSIL 的累加連結已停用。正在執行完整連結
  hw1.vcxproj -> H:\影像處理\20211109\HW2\hw2\Debug\hw2.exe
